Using pre-set license
Built from '2021.3/staging' branch; Version is '2021.3.3f1 (af2e63e8f9bd) revision 11480675'; Using compiler version '192829333'; Build Type 'Release'
OS: 'Windows 10  (10.0.19043) 64bit Core' Language: 'en' Physical Memory: 8034 MB
BatchMode: 1, IsHumanControllingUs: 0, StartBugReporterOnCrash: 0, Is64bit: 1, IsPro: 1

COMMAND LINE ARGUMENTS:
D:\unity\Unity Hub\2021.3.3f1\Editor\Unity.exe
-adb2
-batchMode
-noUpm
-name
AssetImportWorker1
-projectPath
C:/Users/moham/Documents/GitHub/New folder/Project-D/Rotterdam OV
-logFile
Logs/AssetImportWorker1.log
-srvPort
64759
Successfully changed project path to: C:/Users/moham/Documents/GitHub/New folder/Project-D/Rotterdam OV
C:/Users/moham/Documents/GitHub/New folder/Project-D/Rotterdam OV
[UnityMemory] Configuration Parameters - Can be set up in boot.config
    "memorysetup-bucket-allocator-granularity=16"
    "memorysetup-bucket-allocator-bucket-count=8"
    "memorysetup-bucket-allocator-block-size=33554432"
    "memorysetup-bucket-allocator-block-count=8"
    "memorysetup-main-allocator-block-size=16777216"
    "memorysetup-thread-allocator-block-size=16777216"
    "memorysetup-gfx-main-allocator-block-size=16777216"
    "memorysetup-gfx-thread-allocator-block-size=16777216"
    "memorysetup-cache-allocator-block-size=4194304"
    "memorysetup-typetree-allocator-block-size=2097152"
    "memorysetup-profiler-bucket-allocator-granularity=16"
    "memorysetup-profiler-bucket-allocator-bucket-count=8"
    "memorysetup-profiler-bucket-allocator-block-size=33554432"
    "memorysetup-profiler-bucket-allocator-block-count=8"
    "memorysetup-profiler-allocator-block-size=16777216"
    "memorysetup-profiler-editor-allocator-block-size=1048576"
    "memorysetup-temp-allocator-size-main=16777216"
    "memorysetup-job-temp-allocator-block-size=2097152"
    "memorysetup-job-temp-allocator-block-size-background=1048576"
    "memorysetup-job-temp-allocator-reduction-small-platforms=262144"
    "memorysetup-temp-allocator-size-background-worker=32768"
    "memorysetup-temp-allocator-size-job-worker=262144"
    "memorysetup-temp-allocator-size-preload-manager=33554432"
    "memorysetup-temp-allocator-size-nav-mesh-worker=65536"
    "memorysetup-temp-allocator-size-audio-worker=65536"
    "memorysetup-temp-allocator-size-cloud-worker=32768"
    "memorysetup-temp-allocator-size-gi-baking-worker=262144"
    "memorysetup-temp-allocator-size-gfx=262144"
Refreshing native plugins compatible for Editor in 82.25 ms, found 2 plugins.
Preloading 0 native plugins for Editor in 0.00 ms.
Initialize engine version: 2021.3.3f1 (af2e63e8f9bd)
[Subsystems] Discovering subsystems at path D:/unity/Unity Hub/2021.3.3f1/Editor/Data/Resources/UnitySubsystems
[Subsystems] Discovering subsystems at path C:/Users/moham/Documents/GitHub/New folder/Project-D/Rotterdam OV/Assets
GfxDevice: creating device client; threaded=0; jobified=0
Direct3D:
    Version:  Direct3D 11.0 [level 11.1]
    Renderer: NVIDIA GeForce GTX 1050 (ID=0x1c8d)
    Vendor:   NVIDIA
    VRAM:     4029 MB
    Driver:   23.21.13.8873
Initialize mono
Mono path[0] = 'D:/unity/Unity Hub/2021.3.3f1/Editor/Data/Managed'
Mono path[1] = 'D:/unity/Unity Hub/2021.3.3f1/Editor/Data/MonoBleedingEdge/lib/mono/unityjit-win32'
Mono config path = 'D:/unity/Unity Hub/2021.3.3f1/Editor/Data/MonoBleedingEdge/etc'
Using monoOptions --debugger-agent=transport=dt_socket,embedding=1,server=y,suspend=n,address=127.0.0.1:56800
Begin MonoManager ReloadAssembly
Registering precompiled unity dll's ...
Register platform support module: D:/unity/Unity Hub/2021.3.3f1/Editor/Data/PlaybackEngines/WindowsStandaloneSupport/UnityEditor.WindowsStandalone.Extensions.dll
Registered in 0.005519 seconds.
Native extension for WindowsStandalone target not found
Refreshing native plugins compatible for Editor in 34.95 ms, found 2 plugins.
Preloading 0 native plugins for Editor in 0.00 ms.
Mono: successfully reloaded assembly
- Completed reload, in  0.885 seconds
Domain Reload Profiling:
	ReloadAssembly (885ms)
		BeginReloadAssembly (105ms)
			ExecutionOrderSort (0ms)
			DisableScriptedObjects (0ms)
			BackupInstance (0ms)
			ReleaseScriptingObjects (0ms)
			CreateAndSetChildDomain (1ms)
		EndReloadAssembly (618ms)
			LoadAssemblies (103ms)
			RebuildTransferFunctionScriptingTraits (0ms)
			SetupTypeCache (150ms)
			ReleaseScriptCaches (0ms)
			RebuildScriptCaches (38ms)
			SetupLoadedEditorAssemblies (310ms)
				LogAssemblyErrors (0ms)
				InitializePlatformSupportModulesInManaged (10ms)
				SetLoadedEditorAssemblies (0ms)
				RefreshPlugins (35ms)
				BeforeProcessingInitializeOnLoad (2ms)
				ProcessInitializeOnLoadAttributes (195ms)
				ProcessInitializeOnLoadMethodAttributes (68ms)
				AfterProcessingInitializeOnLoad (0ms)
				EditorAssembliesLoaded (0ms)
			ExecutionOrderSort2 (0ms)
			AwakeInstancesAfterBackupRestoration (0ms)
Platform modules already initialized, skipping
Registering precompiled user dll's ...
Registered in 0.061810 seconds.
Begin MonoManager ReloadAssembly
Native extension for WindowsStandalone target not found
Refreshing native plugins compatible for Editor in 0.82 ms, found 2 plugins.
Preloading 0 native plugins for Editor in 0.00 ms.
Mono: successfully reloaded assembly
- Completed reload, in  1.715 seconds
Domain Reload Profiling:
	ReloadAssembly (1717ms)
		BeginReloadAssembly (220ms)
			ExecutionOrderSort (0ms)
			DisableScriptedObjects (12ms)
			BackupInstance (0ms)
			ReleaseScriptingObjects (0ms)
			CreateAndSetChildDomain (33ms)
		EndReloadAssembly (1334ms)
			LoadAssemblies (196ms)
			RebuildTransferFunctionScriptingTraits (0ms)
			SetupTypeCache (326ms)
			ReleaseScriptCaches (1ms)
			RebuildScriptCaches (69ms)
			SetupLoadedEditorAssemblies (652ms)
				LogAssemblyErrors (0ms)
				InitializePlatformSupportModulesInManaged (19ms)
				SetLoadedEditorAssemblies (1ms)
				RefreshPlugins (1ms)
				BeforeProcessingInitializeOnLoad (94ms)
				ProcessInitializeOnLoadAttributes (323ms)
				ProcessInitializeOnLoadMethodAttributes (205ms)
				AfterProcessingInitializeOnLoad (8ms)
				EditorAssembliesLoaded (0ms)
			ExecutionOrderSort2 (0ms)
			AwakeInstancesAfterBackupRestoration (13ms)
Platform modules already initialized, skipping
========================================================================
Worker process is ready to serve import requests
Launched and connected shader compiler UnityShaderCompiler.exe after 0.22 seconds
Refreshing native plugins compatible for Editor in 0.95 ms, found 2 plugins.
Preloading 0 native plugins for Editor in 0.00 ms.
Unloading 1674 Unused Serialized files (Serialized files now loaded: 0)
Unloading 25 unused Assets / (47.4 KB). Loaded Objects now: 2132.
Memory consumption went from 71.9 MB to 71.8 MB.
Total: 4.253400 ms (FindLiveObjects: 0.199400 ms CreateObjectMapping: 0.096100 ms MarkObjects: 3.859200 ms  DeleteObjects: 0.097500 ms)

AssetImportParameters requested are different than current active one (requested -> active):
  custom:video-decoder-ogg-theora: a1e56fd34408186e4bbccfd4996cb3dc -> 
  custom:container-muxer-webm: aa71ff27fc2769a1b78a27578f13a17b -> 
  custom:container-demuxer-webm: 4f35f7cbe854078d1ac9338744f61a02 -> 
  custom:video-encoder-webm-vp8: eb34c28f22e8b96e1ab97ce403110664 -> 
  custom:audio-encoder-webm-vorbis: bf7c407c2cedff20999df2af8eb42d56 -> 
  custom:framework-win-MediaFoundation: 216162199b28c13a410421893ffa2e32 -> 
  custom:container-demuxer-ogg: 62fdf1f143b41e24485cea50d1cbac27 -> 
  custom:video-decoder-webm-vp8: 9c59270c3fd7afecdb556c50c9e8de78 -> 
  custom:audio-decoder-ogg-vorbis: bf7c407c2cedff20999df2af8eb42d56 -> 
========================================================================
Received Import Request.
  Time since last request: 18500.828771 seconds.
  path: Assets/3D stadsmodellen/Bomen Cs kwartier.obj
  artifactKey: Guid(09a73cf8dbf204940a6a467539c3159b) Importer(815301076,1909f56bfc062723c751e8b465ee728b)
Start importing Assets/3D stadsmodellen/Bomen Cs kwartier.obj using Guid(09a73cf8dbf204940a6a467539c3159b) Importer(815301076,1909f56bfc062723c751e8b465ee728b)  -> (artifact id: 'c65e02231c35494ec978dbc519cc6d32') in 1.085846 seconds 
========================================================================
Received Import Request.
  Time since last request: 0.000026 seconds.
  path: Assets/3D stadsmodellen/Willemsbrug.obj
  artifactKey: Guid(69f3bb51865d2f649bf476fcd31e9f08) Importer(815301076,1909f56bfc062723c751e8b465ee728b)
Start importing Assets/3D stadsmodellen/Willemsbrug.obj using Guid(69f3bb51865d2f649bf476fcd31e9f08) Importer(815301076,1909f56bfc062723c751e8b465ee728b)  -> (artifact id: '34ff2699c72c8eaaf3e9f452b5971854') in 0.071387 seconds 
========================================================================
Received Import Request.
  Time since last request: 0.000032 seconds.
  path: Assets/3D stadsmodellen/Cs Kwartier.obj
  artifactKey: Guid(cae2bc5ddeb124c46899ff6c3f98bba6) Importer(815301076,1909f56bfc062723c751e8b465ee728b)
Start importing Assets/3D stadsmodellen/Cs Kwartier.obj using Guid(cae2bc5ddeb124c46899ff6c3f98bba6) Importer(815301076,1909f56bfc062723c751e8b465ee728b)  -> (artifact id: '6ba3552314148f0d1bed42403d8ab803') in 0.050271 seconds 
========================================================================
Received Import Request.
  Time since last request: 0.000027 seconds.
  path: Assets/3D stadsmodellen/Dijkzigt.obj
  artifactKey: Guid(1dca0ed91b56f1647a709037df1c14ab) Importer(815301076,1909f56bfc062723c751e8b465ee728b)
Start importing Assets/3D stadsmodellen/Dijkzigt.obj using Guid(1dca0ed91b56f1647a709037df1c14ab) Importer(815301076,1909f56bfc062723c751e8b465ee728b)  -> (artifact id: 'a0324e1b2e1e964dbe754d01933c254f') in 0.102480 seconds 
========================================================================
Received Import Request.
  Time since last request: 0.000016 seconds.
  path: Assets/3D stadsmodellen/Bomen Nieuwe werk.obj
  artifactKey: Guid(71e60ba728c1e44488e0dbcba11749cb) Importer(815301076,1909f56bfc062723c751e8b465ee728b)
Start importing Assets/3D stadsmodellen/Bomen Nieuwe werk.obj using Guid(71e60ba728c1e44488e0dbcba11749cb) Importer(815301076,1909f56bfc062723c751e8b465ee728b)  -> (artifact id: '8e00d336da27fef1a0d30644c9418abe') in 0.753672 seconds 
========================================================================
Received Import Request.
  Time since last request: 0.000100 seconds.
  path: Assets/3D stadsmodellen/Bomen Stadsdriehoek.obj
  artifactKey: Guid(cd1af62de0f46f244a481f6297ebf1e5) Importer(815301076,1909f56bfc062723c751e8b465ee728b)
Start importing Assets/3D stadsmodellen/Bomen Stadsdriehoek.obj using Guid(cd1af62de0f46f244a481f6297ebf1e5) Importer(815301076,1909f56bfc062723c751e8b465ee728b)  -> (artifact id: '9255bef32658a9d56bf780e5ae61510f') in 0.578839 seconds 
========================================================================
Received Prepare
Registering precompiled user dll's ...
Registered in 0.007372 seconds.
Begin MonoManager ReloadAssembly
Native extension for WindowsStandalone target not found
Refreshing native plugins compatible for Editor in 0.45 ms, found 2 plugins.
Preloading 0 native plugins for Editor in 0.00 ms.
Mono: successfully reloaded assembly
- Completed reload, in  1.839 seconds
Domain Reload Profiling:
	ReloadAssembly (1841ms)
		BeginReloadAssembly (198ms)
			ExecutionOrderSort (0ms)
			DisableScriptedObjects (7ms)
			BackupInstance (0ms)
			ReleaseScriptingObjects (0ms)
			CreateAndSetChildDomain (49ms)
		EndReloadAssembly (1350ms)
			LoadAssemblies (135ms)
			RebuildTransferFunctionScriptingTraits (0ms)
			SetupTypeCache (336ms)
			ReleaseScriptCaches (1ms)
			RebuildScriptCaches (82ms)
			SetupLoadedEditorAssemblies (677ms)
				LogAssemblyErrors (0ms)
				InitializePlatformSupportModulesInManaged (7ms)
				SetLoadedEditorAssemblies (1ms)
				RefreshPlugins (1ms)
				BeforeProcessingInitializeOnLoad (83ms)
				ProcessInitializeOnLoadAttributes (525ms)
				ProcessInitializeOnLoadMethodAttributes (55ms)
				AfterProcessingInitializeOnLoad (5ms)
				EditorAssembliesLoaded (0ms)
			ExecutionOrderSort2 (0ms)
			AwakeInstancesAfterBackupRestoration (18ms)
Platform modules already initialized, skipping
Refreshing native plugins compatible for Editor in 9.02 ms, found 2 plugins.
Preloading 0 native plugins for Editor in 0.00 ms.
Unloading 1661 Unused Serialized files (Serialized files now loaded: 0)
Unloading 13 unused Assets / (24.6 KB). Loaded Objects now: 2176.
Memory consumption went from 76.0 MB to 76.0 MB.
Total: 7.530000 ms (FindLiveObjects: 0.214200 ms CreateObjectMapping: 0.280600 ms MarkObjects: 6.991200 ms  DeleteObjects: 0.042300 ms)

AssetImportParameters requested are different than current active one (requested -> active):
  custom:video-decoder-ogg-theora: a1e56fd34408186e4bbccfd4996cb3dc -> 
  custom:container-muxer-webm: aa71ff27fc2769a1b78a27578f13a17b -> 
  custom:container-demuxer-webm: 4f35f7cbe854078d1ac9338744f61a02 -> 
  custom:video-encoder-webm-vp8: eb34c28f22e8b96e1ab97ce403110664 -> 
  custom:audio-encoder-webm-vorbis: bf7c407c2cedff20999df2af8eb42d56 -> 
  custom:framework-win-MediaFoundation: 216162199b28c13a410421893ffa2e32 -> 
  custom:container-demuxer-ogg: 62fdf1f143b41e24485cea50d1cbac27 -> 
  custom:video-decoder-webm-vp8: 9c59270c3fd7afecdb556c50c9e8de78 -> 
  custom:audio-decoder-ogg-vorbis: bf7c407c2cedff20999df2af8eb42d56 -> 
========================================================================
Received Prepare
Registering precompiled user dll's ...
Registered in 0.009999 seconds.
Begin MonoManager ReloadAssembly
Symbol file LoadedFromMemory doesn't match image C:\Users\moham\Documents\GitHub\New folder\Project-D\Rotterdam OV\Library\PackageCache\com.unity.visualscripting@1.7.6\Editor\VisualScripting.Core\Dependencies\YamlDotNet\Unity.VisualScripting.YamlDotNet.dll
Symbol file LoadedFromMemory doesn't match image C:\Users\moham\Documents\GitHub\New folder\Project-D\Rotterdam OV\Library\PackageCache\com.unity.visualscripting@1.7.6\Editor\VisualScripting.Core\Dependencies\DotNetZip\Unity.VisualScripting.IonicZip.dll
Native extension for WindowsStandalone target not found
Refreshing native plugins compatible for Editor in 1.05 ms, found 3 plugins.
Preloading 0 native plugins for Editor in 0.00 ms.
Mono: successfully reloaded assembly
- Completed reload, in  1.570 seconds
Domain Reload Profiling:
	ReloadAssembly (1571ms)
		BeginReloadAssembly (186ms)
			ExecutionOrderSort (0ms)
			DisableScriptedObjects (8ms)
			BackupInstance (0ms)
			ReleaseScriptingObjects (0ms)
			CreateAndSetChildDomain (44ms)
		EndReloadAssembly (1234ms)
			LoadAssemblies (139ms)
			RebuildTransferFunctionScriptingTraits (0ms)
			SetupTypeCache (378ms)
			ReleaseScriptCaches (1ms)
			RebuildScriptCaches (61ms)
			SetupLoadedEditorAssemblies (591ms)
				LogAssemblyErrors (0ms)
				InitializePlatformSupportModulesInManaged (58ms)
				SetLoadedEditorAssemblies (1ms)
				RefreshPlugins (1ms)
				BeforeProcessingInitializeOnLoad (77ms)
				ProcessInitializeOnLoadAttributes (405ms)
				ProcessInitializeOnLoadMethodAttributes (45ms)
				AfterProcessingInitializeOnLoad (4ms)
				EditorAssembliesLoaded (0ms)
			ExecutionOrderSort2 (0ms)
			AwakeInstancesAfterBackupRestoration (11ms)
Platform modules already initialized, skipping
Refreshing native plugins compatible for Editor in 3.45 ms, found 3 plugins.
Preloading 0 native plugins for Editor in 0.00 ms.
Unloading 3233 Unused Serialized files (Serialized files now loaded: 0)
Unloading 16 unused Assets / (24.6 KB). Loaded Objects now: 3747.
Memory consumption went from 115.0 MB to 115.0 MB.
Total: 3.927300 ms (FindLiveObjects: 0.302200 ms CreateObjectMapping: 0.233600 ms MarkObjects: 3.359200 ms  DeleteObjects: 0.030900 ms)

AssetImportParameters requested are different than current active one (requested -> active):
  custom:video-decoder-ogg-theora: a1e56fd34408186e4bbccfd4996cb3dc -> 
  custom:container-muxer-webm: aa71ff27fc2769a1b78a27578f13a17b -> 
  custom:container-demuxer-webm: 4f35f7cbe854078d1ac9338744f61a02 -> 
  custom:video-encoder-webm-vp8: eb34c28f22e8b96e1ab97ce403110664 -> 
  custom:audio-encoder-webm-vorbis: bf7c407c2cedff20999df2af8eb42d56 -> 
  custom:framework-win-MediaFoundation: 216162199b28c13a410421893ffa2e32 -> 
  custom:container-demuxer-ogg: 62fdf1f143b41e24485cea50d1cbac27 -> 
  custom:video-decoder-webm-vp8: 9c59270c3fd7afecdb556c50c9e8de78 -> 
  custom:audio-decoder-ogg-vorbis: bf7c407c2cedff20999df2af8eb42d56 -> 
========================================================================
Received Import Request.
  Time since last request: 448.461341 seconds.
  path: Assets/MS/Tram1/Vehicles/Mesh/obj/Tram/Tram_wheelA.obj
  artifactKey: Guid(bd71d0102e8e23842953c8541af8810b) Importer(815301076,1909f56bfc062723c751e8b465ee728b)
Start importing Assets/MS/Tram1/Vehicles/Mesh/obj/Tram/Tram_wheelA.obj using Guid(bd71d0102e8e23842953c8541af8810b) Importer(815301076,1909f56bfc062723c751e8b465ee728b)  -> (artifact id: '2f351b11b19d40dc039ab3b4070a5df3') in 0.124214 seconds 
========================================================================
Received Import Request.
  Time since last request: 0.000033 seconds.
  path: Assets/MS/Tram1/Vehicles/Mesh/obj/Tram/Tram_wheelB.obj
  artifactKey: Guid(558f64218db9fb84e94a009d67777a2d) Importer(815301076,1909f56bfc062723c751e8b465ee728b)
Start importing Assets/MS/Tram1/Vehicles/Mesh/obj/Tram/Tram_wheelB.obj using Guid(558f64218db9fb84e94a009d67777a2d) Importer(815301076,1909f56bfc062723c751e8b465ee728b)  -> (artifact id: 'fefb9b0389d1a676e52e03b6898b02cf') in 0.036586 seconds 
========================================================================
Received Import Request.
  Time since last request: 0.000043 seconds.
  path: Assets/MS/Tram1/Vehicles/Mesh/obj/Tram/TramStoboard_1.obj
  artifactKey: Guid(471162198e58cbd4ea234e91276b5238) Importer(815301076,1909f56bfc062723c751e8b465ee728b)
Start importing Assets/MS/Tram1/Vehicles/Mesh/obj/Tram/TramStoboard_1.obj using Guid(471162198e58cbd4ea234e91276b5238) Importer(815301076,1909f56bfc062723c751e8b465ee728b)  -> (artifact id: '5d20eb0bb69aa8a829254e89be4a1be5') in 0.035928 seconds 
========================================================================
Received Import Request.
  Time since last request: 0.000048 seconds.
  path: Assets/MS/Tram1/Vehicles/Mesh/obj/Tram/TramLight.obj
  artifactKey: Guid(21233dde70fd5d141aa6acd895d048be) Importer(815301076,1909f56bfc062723c751e8b465ee728b)
Start importing Assets/MS/Tram1/Vehicles/Mesh/obj/Tram/TramLight.obj using Guid(21233dde70fd5d141aa6acd895d048be) Importer(815301076,1909f56bfc062723c751e8b465ee728b)  -> (artifact id: '2652bd1e71ffc0a2b4fc18fa1915b7ef') in 0.039663 seconds 
========================================================================
Received Import Request.
  Time since last request: 0.000029 seconds.
  path: Assets/MS/Tram1/Vehicles/Mesh/obj/Tram/TramBtm_B.obj
  artifactKey: Guid(3d6d4b9929196b74ea62a515c05d78b5) Importer(815301076,1909f56bfc062723c751e8b465ee728b)
Start importing Assets/MS/Tram1/Vehicles/Mesh/obj/Tram/TramBtm_B.obj using Guid(3d6d4b9929196b74ea62a515c05d78b5) Importer(815301076,1909f56bfc062723c751e8b465ee728b)  -> (artifact id: 'e9248f100e7eafce9a4d25fe91e50e07') in 0.041411 seconds 
========================================================================
Received Import Request.
  Time since last request: 0.000039 seconds.
  path: Assets/MS/Tram1/Vehicles/Mesh/obj/Tram/TramBtm_A.obj
  artifactKey: Guid(1444759b5ddbe82429ac8e4da0522c40) Importer(815301076,1909f56bfc062723c751e8b465ee728b)
Start importing Assets/MS/Tram1/Vehicles/Mesh/obj/Tram/TramBtm_A.obj using Guid(1444759b5ddbe82429ac8e4da0522c40) Importer(815301076,1909f56bfc062723c751e8b465ee728b)  -> (artifact id: 'fc48e472d3ba80221aeb1c330b942c6c') in 0.038689 seconds 
========================================================================
Received Import Request.
  Time since last request: 0.558280 seconds.
  path: Assets/MS/Tram1/Vehicles/Mesh/obj/Tram/Materials/pantographMat.mat
  artifactKey: Guid(495cb535ea53fa64a99bf8c8605f3c03) Importer(815301076,1909f56bfc062723c751e8b465ee728b)
Start importing Assets/MS/Tram1/Vehicles/Mesh/obj/Tram/Materials/pantographMat.mat using Guid(495cb535ea53fa64a99bf8c8605f3c03) Importer(815301076,1909f56bfc062723c751e8b465ee728b)  -> (artifact id: 'd05c598485c31b4209505c9bb2a57260') in 0.064226 seconds 
========================================================================
Received Import Request.
  Time since last request: 0.000034 seconds.
  path: Assets/MS/Tram1/Vehicles/Mesh/obj/Tram/Materials/plate_BMat.mat
  artifactKey: Guid(99a259cf43db41644a34e7483e1f8bc1) Importer(815301076,1909f56bfc062723c751e8b465ee728b)
Start importing Assets/MS/Tram1/Vehicles/Mesh/obj/Tram/Materials/plate_BMat.mat using Guid(99a259cf43db41644a34e7483e1f8bc1) Importer(815301076,1909f56bfc062723c751e8b465ee728b)  -> (artifact id: 'aa30c34e76c3869fb0f980ac116f5e55') in 0.021323 seconds 
========================================================================
Received Import Request.
  Time since last request: 0.000047 seconds.
  path: Assets/MS/Tram1/Vehicles/Mesh/obj/Tram/Materials/wheel_BMat.mat
  artifactKey: Guid(6c0821643a4eec0459749afb1466d491) Importer(815301076,1909f56bfc062723c751e8b465ee728b)
Start importing Assets/MS/Tram1/Vehicles/Mesh/obj/Tram/Materials/wheel_BMat.mat using Guid(6c0821643a4eec0459749afb1466d491) Importer(815301076,1909f56bfc062723c751e8b465ee728b)  -> (artifact id: '9bb2fdf86cd2c90f293924b2959170d3') in 0.021591 seconds 
