Using pre-set license
Built from '2021.3/staging' branch; Version is '2021.3.3f1 (af2e63e8f9bd) revision 11480675'; Using compiler version '192829333'; Build Type 'Release'
OS: 'Windows 10  (10.0.19043) 64bit Core' Language: 'en' Physical Memory: 8034 MB
BatchMode: 1, IsHumanControllingUs: 0, StartBugReporterOnCrash: 0, Is64bit: 1, IsPro: 1

COMMAND LINE ARGUMENTS:
D:\unity\Unity Hub\2021.3.3f1\Editor\Unity.exe
-adb2
-batchMode
-noUpm
-name
AssetImportWorker0
-projectPath
C:/Users/moham/Documents/GitHub/New folder/Project-D/Rotterdam OV
-logFile
Logs/AssetImportWorker0.log
-srvPort
63291
Successfully changed project path to: C:/Users/moham/Documents/GitHub/New folder/Project-D/Rotterdam OV
C:/Users/moham/Documents/GitHub/New folder/Project-D/Rotterdam OV
[UnityMemory] Configuration Parameters - Can be set up in boot.config
    "memorysetup-bucket-allocator-granularity=16"
    "memorysetup-bucket-allocator-bucket-count=8"
    "memorysetup-bucket-allocator-block-size=33554432"
    "memorysetup-bucket-allocator-block-count=8"
    "memorysetup-main-allocator-block-size=16777216"
    "memorysetup-thread-allocator-block-size=16777216"
    "memorysetup-gfx-main-allocator-block-size=16777216"
    "memorysetup-gfx-thread-allocator-block-size=16777216"
    "memorysetup-cache-allocator-block-size=4194304"
    "memorysetup-typetree-allocator-block-size=2097152"
    "memorysetup-profiler-bucket-allocator-granularity=16"
    "memorysetup-profiler-bucket-allocator-bucket-count=8"
    "memorysetup-profiler-bucket-allocator-block-size=33554432"
    "memorysetup-profiler-bucket-allocator-block-count=8"
    "memorysetup-profiler-allocator-block-size=16777216"
    "memorysetup-profiler-editor-allocator-block-size=1048576"
    "memorysetup-temp-allocator-size-main=16777216"
    "memorysetup-job-temp-allocator-block-size=2097152"
    "memorysetup-job-temp-allocator-block-size-background=1048576"
    "memorysetup-job-temp-allocator-reduction-small-platforms=262144"
    "memorysetup-temp-allocator-size-background-worker=32768"
    "memorysetup-temp-allocator-size-job-worker=262144"
    "memorysetup-temp-allocator-size-preload-manager=33554432"
    "memorysetup-temp-allocator-size-nav-mesh-worker=65536"
    "memorysetup-temp-allocator-size-audio-worker=65536"
    "memorysetup-temp-allocator-size-cloud-worker=32768"
    "memorysetup-temp-allocator-size-gi-baking-worker=262144"
    "memorysetup-temp-allocator-size-gfx=262144"
Refreshing native plugins compatible for Editor in 111.01 ms, found 3 plugins.
Preloading 0 native plugins for Editor in 0.00 ms.
Initialize engine version: 2021.3.3f1 (af2e63e8f9bd)
[Subsystems] Discovering subsystems at path D:/unity/Unity Hub/2021.3.3f1/Editor/Data/Resources/UnitySubsystems
[Subsystems] Discovering subsystems at path C:/Users/moham/Documents/GitHub/New folder/Project-D/Rotterdam OV/Assets
GfxDevice: creating device client; threaded=0; jobified=0
Direct3D:
    Version:  Direct3D 11.0 [level 11.1]
    Renderer: NVIDIA GeForce GTX 1050 (ID=0x1c8d)
    Vendor:   NVIDIA
    VRAM:     4029 MB
    Driver:   23.21.13.8873
Initialize mono
Mono path[0] = 'D:/unity/Unity Hub/2021.3.3f1/Editor/Data/Managed'
Mono path[1] = 'D:/unity/Unity Hub/2021.3.3f1/Editor/Data/MonoBleedingEdge/lib/mono/unityjit-win32'
Mono config path = 'D:/unity/Unity Hub/2021.3.3f1/Editor/Data/MonoBleedingEdge/etc'
Using monoOptions --debugger-agent=transport=dt_socket,embedding=1,server=y,suspend=n,address=127.0.0.1:56664
Begin MonoManager ReloadAssembly
Registering precompiled unity dll's ...
Register platform support module: D:/unity/Unity Hub/2021.3.3f1/Editor/Data/PlaybackEngines/WindowsStandaloneSupport/UnityEditor.WindowsStandalone.Extensions.dll
Registered in 0.042686 seconds.
Native extension for WindowsStandalone target not found
Refreshing native plugins compatible for Editor in 102.46 ms, found 3 plugins.
Preloading 0 native plugins for Editor in 0.00 ms.
Mono: successfully reloaded assembly
- Completed reload, in  1.692 seconds
Domain Reload Profiling:
	ReloadAssembly (1693ms)
		BeginReloadAssembly (593ms)
			ExecutionOrderSort (0ms)
			DisableScriptedObjects (0ms)
			BackupInstance (0ms)
			ReleaseScriptingObjects (0ms)
			CreateAndSetChildDomain (7ms)
		EndReloadAssembly (858ms)
			LoadAssemblies (576ms)
			RebuildTransferFunctionScriptingTraits (8ms)
			SetupTypeCache (140ms)
			ReleaseScriptCaches (0ms)
			RebuildScriptCaches (41ms)
			SetupLoadedEditorAssemblies (529ms)
				LogAssemblyErrors (0ms)
				InitializePlatformSupportModulesInManaged (29ms)
				SetLoadedEditorAssemblies (0ms)
				RefreshPlugins (103ms)
				BeforeProcessingInitializeOnLoad (33ms)
				ProcessInitializeOnLoadAttributes (276ms)
				ProcessInitializeOnLoadMethodAttributes (86ms)
				AfterProcessingInitializeOnLoad (0ms)
				EditorAssembliesLoaded (1ms)
			ExecutionOrderSort2 (0ms)
			AwakeInstancesAfterBackupRestoration (0ms)
Platform modules already initialized, skipping
Registering precompiled user dll's ...
Registered in 0.048509 seconds.
Begin MonoManager ReloadAssembly
Symbol file LoadedFromMemory doesn't match image C:\Users\moham\Documents\GitHub\New folder\Project-D\Rotterdam OV\Library\PackageCache\com.unity.visualscripting@1.7.6\Editor\VisualScripting.Core\Dependencies\YamlDotNet\Unity.VisualScripting.YamlDotNet.dll
Symbol file LoadedFromMemory doesn't match image C:\Users\moham\Documents\GitHub\New folder\Project-D\Rotterdam OV\Library\PackageCache\com.unity.visualscripting@1.7.6\Editor\VisualScripting.Core\Dependencies\DotNetZip\Unity.VisualScripting.IonicZip.dll
Native extension for WindowsStandalone target not found
Refreshing native plugins compatible for Editor in 0.61 ms, found 3 plugins.
Preloading 0 native plugins for Editor in 0.00 ms.
Mono: successfully reloaded assembly
- Completed reload, in  1.601 seconds
Domain Reload Profiling:
	ReloadAssembly (1603ms)
		BeginReloadAssembly (187ms)
			ExecutionOrderSort (0ms)
			DisableScriptedObjects (7ms)
			BackupInstance (0ms)
			ReleaseScriptingObjects (0ms)
			CreateAndSetChildDomain (22ms)
		EndReloadAssembly (1273ms)
			LoadAssemblies (276ms)
			RebuildTransferFunctionScriptingTraits (0ms)
			SetupTypeCache (317ms)
			ReleaseScriptCaches (1ms)
			RebuildScriptCaches (55ms)
			SetupLoadedEditorAssemblies (510ms)
				LogAssemblyErrors (0ms)
				InitializePlatformSupportModulesInManaged (4ms)
				SetLoadedEditorAssemblies (1ms)
				RefreshPlugins (1ms)
				BeforeProcessingInitializeOnLoad (87ms)
				ProcessInitializeOnLoadAttributes (308ms)
				ProcessInitializeOnLoadMethodAttributes (106ms)
				AfterProcessingInitializeOnLoad (3ms)
				EditorAssembliesLoaded (0ms)
			ExecutionOrderSort2 (0ms)
			AwakeInstancesAfterBackupRestoration (6ms)
Platform modules already initialized, skipping
========================================================================
Worker process is ready to serve import requests
Launched and connected shader compiler UnityShaderCompiler.exe after 0.78 seconds
Refreshing native plugins compatible for Editor in 1.67 ms, found 3 plugins.
Preloading 0 native plugins for Editor in 0.00 ms.
Unloading 3246 Unused Serialized files (Serialized files now loaded: 0)
Unloading 29 unused Assets / (55.7 KB). Loaded Objects now: 3700.
Memory consumption went from 111.7 MB to 111.7 MB.
Total: 3.713800 ms (FindLiveObjects: 0.332100 ms CreateObjectMapping: 0.240700 ms MarkObjects: 2.987600 ms  DeleteObjects: 0.152500 ms)

AssetImportParameters requested are different than current active one (requested -> active):
  custom:video-decoder-ogg-theora: a1e56fd34408186e4bbccfd4996cb3dc -> 
  custom:container-muxer-webm: aa71ff27fc2769a1b78a27578f13a17b -> 
  custom:container-demuxer-webm: 4f35f7cbe854078d1ac9338744f61a02 -> 
  custom:video-encoder-webm-vp8: eb34c28f22e8b96e1ab97ce403110664 -> 
  custom:audio-encoder-webm-vorbis: bf7c407c2cedff20999df2af8eb42d56 -> 
  custom:framework-win-MediaFoundation: 216162199b28c13a410421893ffa2e32 -> 
  custom:container-demuxer-ogg: 62fdf1f143b41e24485cea50d1cbac27 -> 
  custom:video-decoder-webm-vp8: 9c59270c3fd7afecdb556c50c9e8de78 -> 
  custom:audio-decoder-ogg-vorbis: bf7c407c2cedff20999df2af8eb42d56 -> 
========================================================================
Received Import Request.
  Time since last request: 525.424864 seconds.
  path: Assets/Scenes/Darshan.unity
  artifactKey: Guid(002682ebbffea5948973a40d82e17971) Importer(815301076,1909f56bfc062723c751e8b465ee728b)
Start importing Assets/Scenes/Darshan.unity using Guid(002682ebbffea5948973a40d82e17971) Importer(815301076,1909f56bfc062723c751e8b465ee728b)  -> (artifact id: '70c5d5ec4ea572c8aa9929f384e791c0') in 0.302274 seconds 
========================================================================
Received Import Request.
  Time since last request: 15.459444 seconds.
  path: Assets/Scenes/Dylan.unity
  artifactKey: Guid(5b6bc7cb9fbc6744692f585c23d83680) Importer(815301076,1909f56bfc062723c751e8b465ee728b)
Start importing Assets/Scenes/Dylan.unity using Guid(5b6bc7cb9fbc6744692f585c23d83680) Importer(815301076,1909f56bfc062723c751e8b465ee728b)  -> (artifact id: '9c40ae5f15c8ca7a9de9c3509c584753') in 0.007975 seconds 
========================================================================
Received Import Request.
  Time since last request: 6.366028 seconds.
  path: Assets/Scenes/Moesaab.unity
  artifactKey: Guid(8eef38b0a0753b64091f6ab45f6be463) Importer(815301076,1909f56bfc062723c751e8b465ee728b)
Start importing Assets/Scenes/Moesaab.unity using Guid(8eef38b0a0753b64091f6ab45f6be463) Importer(815301076,1909f56bfc062723c751e8b465ee728b)  -> (artifact id: '17535d48fb438f96b9261fd96b4174b9') in 0.008479 seconds 
========================================================================
Received Import Request.
  Time since last request: 20.840023 seconds.
  path: Assets/Scenes/Parwesh.unity
  artifactKey: Guid(ad084c4550aec94498d4ef9d266bea93) Importer(815301076,1909f56bfc062723c751e8b465ee728b)
Start importing Assets/Scenes/Parwesh.unity using Guid(ad084c4550aec94498d4ef9d266bea93) Importer(815301076,1909f56bfc062723c751e8b465ee728b)  -> (artifact id: 'a3b8c93e0bf3e278f6d1dad02ee2c588') in 0.094479 seconds 
========================================================================
Received Import Request.
  Time since last request: 3.313295 seconds.
  path: Assets/Scenes/SampleScene.unity
  artifactKey: Guid(9fc0d4010bbf28b4594072e72b8655ab) Importer(815301076,1909f56bfc062723c751e8b465ee728b)
Start importing Assets/Scenes/SampleScene.unity using Guid(9fc0d4010bbf28b4594072e72b8655ab) Importer(815301076,1909f56bfc062723c751e8b465ee728b)  -> (artifact id: '36ec8e385805b80e05234a4ba7bc3c43') in 0.008683 seconds 
========================================================================
Received Import Request.
  Time since last request: 27.272566 seconds.
  path: Assets/MS/Tram1/Vehicles/Mesh/obj/Tram/Materials
  artifactKey: Guid(788336a2cce0f9543a814e6bd4edce3c) Importer(815301076,1909f56bfc062723c751e8b465ee728b)
Start importing Assets/MS/Tram1/Vehicles/Mesh/obj/Tram/Materials using Guid(788336a2cce0f9543a814e6bd4edce3c) Importer(815301076,1909f56bfc062723c751e8b465ee728b)  -> (artifact id: '1f1167bc36adb08206cb471f1f58d7af') in 0.007482 seconds 
========================================================================
Received Import Request.
  Time since last request: 134.361249 seconds.
  path: Assets/Plugins
  artifactKey: Guid(249bca97f7a94ed4ba3fd13f12c8e992) Importer(815301076,1909f56bfc062723c751e8b465ee728b)
Start importing Assets/Plugins using Guid(249bca97f7a94ed4ba3fd13f12c8e992) Importer(815301076,1909f56bfc062723c751e8b465ee728b)  -> (artifact id: '84541ea7c9907334565a4e4796393ab5') in 0.013915 seconds 
========================================================================
Received Import Request.
  Time since last request: 1.161958 seconds.
  path: Assets/scripts
  artifactKey: Guid(33c824008e22bd64fb58d4ef3863ec2e) Importer(815301076,1909f56bfc062723c751e8b465ee728b)
Start importing Assets/scripts using Guid(33c824008e22bd64fb58d4ef3863ec2e) Importer(815301076,1909f56bfc062723c751e8b465ee728b)  -> (artifact id: '7213585ebe059a04e285a97d5f39f79f') in 0.009012 seconds 
========================================================================
Received Import Request.
  Time since last request: 696.010888 seconds.
  path: Assets
  artifactKey: Guid(00000000000000001000000000000000) Importer(815301076,1909f56bfc062723c751e8b465ee728b)
Start importing Assets using Guid(00000000000000001000000000000000) Importer(815301076,1909f56bfc062723c751e8b465ee728b)  -> (artifact id: '79842766b460edbeab6a34051e857a80') in 0.006704 seconds 
========================================================================
Received Import Request.
  Time since last request: 17.155940 seconds.
  path: Assets/m
  artifactKey: Guid(fad950a6a9a5d5c4ca7b7f04c0017ae9) Importer(815301076,1909f56bfc062723c751e8b465ee728b)
Start importing Assets/m using Guid(fad950a6a9a5d5c4ca7b7f04c0017ae9) Importer(815301076,1909f56bfc062723c751e8b465ee728b)  -> (artifact id: '85dccc4243f0f63d1f75a4fd60cb5408') in 0.012179 seconds 
========================================================================
Received Import Request.
  Time since last request: 29.705940 seconds.
  path: Assets/materials
  artifactKey: Guid(fad950a6a9a5d5c4ca7b7f04c0017ae9) Importer(815301076,1909f56bfc062723c751e8b465ee728b)
Start importing Assets/materials using Guid(fad950a6a9a5d5c4ca7b7f04c0017ae9) Importer(815301076,1909f56bfc062723c751e8b465ee728b)  -> (artifact id: 'ae2d1faf80d4833b8d2470e47be53b13') in 0.022941 seconds 
========================================================================
Received Import Request.
  Time since last request: 15.255323 seconds.
  path: Assets/materials/New Material.mat
  artifactKey: Guid(f3d1b48d012dfcd4fbcbb86508867189) Importer(815301076,1909f56bfc062723c751e8b465ee728b)
Start importing Assets/materials/New Material.mat using Guid(f3d1b48d012dfcd4fbcbb86508867189) Importer(815301076,1909f56bfc062723c751e8b465ee728b)  -> (artifact id: '4ad2ad3ede47a171147678bd873d4fff') in 0.558815 seconds 
========================================================================
Received Import Request.
  Time since last request: 58.559456 seconds.
  path: Assets/materials/New Material 1.mat
  artifactKey: Guid(8b493e1f3ffc3724ba80154f5e324c59) Importer(815301076,1909f56bfc062723c751e8b465ee728b)
Start importing Assets/materials/New Material 1.mat using Guid(8b493e1f3ffc3724ba80154f5e324c59) Importer(815301076,1909f56bfc062723c751e8b465ee728b)  -> (artifact id: 'ffe3df14ad792a16d5ba4a78464c258c') in 0.016373 seconds 
========================================================================
Received Import Request.
  Time since last request: 528.695439 seconds.
  path: Assets/materials/road2Lane_d.tga
  artifactKey: Guid(b3204c11e1310a34f97cc4cfd2101f5d) Importer(815301076,1909f56bfc062723c751e8b465ee728b)
Start importing Assets/materials/road2Lane_d.tga using Guid(b3204c11e1310a34f97cc4cfd2101f5d) Importer(815301076,1909f56bfc062723c751e8b465ee728b)  -> (artifact id: '3ecd3e9bcfd419d3fb896df5df0c92c0') in 0.091278 seconds 
========================================================================
Received Import Request.
  Time since last request: 2073.843306 seconds.
  path: Assets/materials/Materials
  artifactKey: Guid(2c755dd522f16374180430e27b963d13) Importer(815301076,1909f56bfc062723c751e8b465ee728b)
Start importing Assets/materials/Materials using Guid(2c755dd522f16374180430e27b963d13) Importer(815301076,1909f56bfc062723c751e8b465ee728b)  -> (artifact id: '3939891a9208b2bbe776a5cf3d394d9b') in 0.007109 seconds 
